mode: atomic
modemcheck-client/scraper/coda.go:21.109,28.2 1 0
modemcheck-client/scraper/coda.go:31.37,34.2 2 0
modemcheck-client/scraper/coda.go:37.48,39.16 2 0
modemcheck-client/scraper/coda.go:39.16,41.3 1 0
modemcheck-client/scraper/coda.go:42.2,45.68 3 0
modemcheck-client/scraper/coda.go:45.68,47.3 1 0
modemcheck-client/scraper/coda.go:49.2,49.22 1 0
modemcheck-client/scraper/coda.go:49.22,50.52 1 0
modemcheck-client/scraper/coda.go:50.52,52.75 2 0
modemcheck-client/scraper/coda.go:52.75,55.5 2 0
modemcheck-client/scraper/coda.go:59.2,59.56 1 0
modemcheck-client/scraper/coda.go:64.68,70.16 4 0
modemcheck-client/scraper/coda.go:70.16,72.3 1 0
modemcheck-client/scraper/coda.go:73.2,76.73 3 0
modemcheck-client/scraper/coda.go:76.73,78.3 1 0
modemcheck-client/scraper/coda.go:80.2,80.27 1 0
modemcheck-client/scraper/coda.go:80.27,90.3 2 0
modemcheck-client/scraper/coda.go:93.2,95.16 3 0
modemcheck-client/scraper/coda.go:95.16,97.3 1 0
modemcheck-client/scraper/coda.go:98.2,101.66 3 0
modemcheck-client/scraper/coda.go:101.66,103.3 1 0
modemcheck-client/scraper/coda.go:105.2,105.27 1 0
modemcheck-client/scraper/coda.go:105.27,115.3 1 0
modemcheck-client/scraper/coda.go:118.2,119.16 2 0
modemcheck-client/scraper/coda.go:119.16,121.3 1 0
modemcheck-client/scraper/coda.go:122.2,125.70 3 0
modemcheck-client/scraper/coda.go:125.70,127.3 1 0
modemcheck-client/scraper/coda.go:129.2,129.31 1 0
modemcheck-client/scraper/coda.go:129.31,142.3 1 0
modemcheck-client/scraper/coda.go:145.2,147.16 3 0
modemcheck-client/scraper/coda.go:147.16,149.3 1 0
modemcheck-client/scraper/coda.go:150.2,153.66 3 0
modemcheck-client/scraper/coda.go:153.66,155.3 1 0
modemcheck-client/scraper/coda.go:157.2,157.27 1 0
modemcheck-client/scraper/coda.go:157.27,163.3 1 0
modemcheck-client/scraper/coda.go:166.2,167.16 2 0
modemcheck-client/scraper/coda.go:167.16,169.3 1 0
modemcheck-client/scraper/coda.go:170.2,173.70 3 0
modemcheck-client/scraper/coda.go:173.70,175.3 1 0
modemcheck-client/scraper/coda.go:177.2,177.31 1 0
modemcheck-client/scraper/coda.go:177.31,184.3 1 0
modemcheck-client/scraper/coda.go:187.2,189.16 3 0
modemcheck-client/scraper/coda.go:189.16,191.3 1 0
modemcheck-client/scraper/coda.go:192.2,195.72 3 0
modemcheck-client/scraper/coda.go:195.72,197.3 1 0
modemcheck-client/scraper/coda.go:199.2,199.36 1 0
modemcheck-client/scraper/coda.go:199.36,205.3 1 0
modemcheck-client/scraper/coda.go:207.2,207.18 1 0
modemcheck-client/scraper/coda.go:211.40,214.16 3 0
modemcheck-client/scraper/coda.go:214.16,216.3 1 0
modemcheck-client/scraper/coda.go:217.2,218.12 2 0
modemcheck-client/scraper/coda.go:222.45,224.2 1 0
modemcheck-client/scraper/coda.go:228.61,231.16 2 0
modemcheck-client/scraper/coda.go:231.16,236.86 4 0
modemcheck-client/scraper/coda.go:236.86,239.18 2 0
modemcheck-client/scraper/coda.go:239.18,245.53 4 0
modemcheck-client/scraper/coda.go:245.53,246.29 1 0
modemcheck-client/scraper/coda.go:246.29,248.7 1 0
modemcheck-client/scraper/coda.go:251.4,251.19 1 0
modemcheck-client/scraper/coda.go:255.2,255.11 1 0
modemcheck-client/scraper/dm1000.go:22.95,29.2 1 0
modemcheck-client/scraper/dm1000.go:32.39,43.16 7 0
modemcheck-client/scraper/dm1000.go:43.16,46.3 2 0
modemcheck-client/scraper/dm1000.go:47.2,52.16 4 0
modemcheck-client/scraper/dm1000.go:52.16,55.3 2 0
modemcheck-client/scraper/dm1000.go:56.2,59.16 3 0
modemcheck-client/scraper/dm1000.go:59.16,62.3 2 0
modemcheck-client/scraper/dm1000.go:63.2,63.19 1 0
modemcheck-client/scraper/dm1000.go:63.19,66.3 2 0
modemcheck-client/scraper/dm1000.go:68.2,68.35 1 0
modemcheck-client/scraper/dm1000.go:72.50,75.16 3 0
modemcheck-client/scraper/dm1000.go:75.16,77.3 1 0
modemcheck-client/scraper/dm1000.go:78.2,81.16 3 0
modemcheck-client/scraper/dm1000.go:81.16,84.3 2 0
modemcheck-client/scraper/dm1000.go:85.2,88.22 3 0
modemcheck-client/scraper/dm1000.go:88.22,90.71 2 0
modemcheck-client/scraper/dm1000.go:90.71,93.4 2 0
modemcheck-client/scraper/dm1000.go:96.2,96.56 1 0
modemcheck-client/scraper/dm1000.go:101.70,107.16 4 0
modemcheck-client/scraper/dm1000.go:107.16,109.3 1 0
modemcheck-client/scraper/dm1000.go:110.2,113.16 3 0
modemcheck-client/scraper/dm1000.go:113.16,115.3 1 0
modemcheck-client/scraper/dm1000.go:118.2,119.80 2 0
modemcheck-client/scraper/dm1000.go:119.80,121.3 1 0
modemcheck-client/scraper/dm1000.go:124.2,125.82 2 0
modemcheck-client/scraper/dm1000.go:125.82,127.3 1 0
modemcheck-client/scraper/dm1000.go:130.2,131.16 2 0
modemcheck-client/scraper/dm1000.go:131.16,133.3 1 0
modemcheck-client/scraper/dm1000.go:134.2,137.72 3 0
modemcheck-client/scraper/dm1000.go:137.72,139.3 1 0
modemcheck-client/scraper/dm1000.go:141.2,141.59 1 0
modemcheck-client/scraper/dm1000.go:141.59,142.30 1 0
modemcheck-client/scraper/dm1000.go:142.30,143.56 1 0
modemcheck-client/scraper/dm1000.go:143.56,144.53 1 0
modemcheck-client/scraper/dm1000.go:144.53,146.11 2 0
modemcheck-client/scraper/dm1000.go:152.2,160.16 7 0
modemcheck-client/scraper/dm1000.go:160.16,162.3 1 0
modemcheck-client/scraper/dm1000.go:163.2,166.67 3 0
modemcheck-client/scraper/dm1000.go:166.67,168.3 1 0
modemcheck-client/scraper/dm1000.go:170.2,170.54 1 0
modemcheck-client/scraper/dm1000.go:170.54,171.30 1 0
modemcheck-client/scraper/dm1000.go:171.30,172.51 1 0
modemcheck-client/scraper/dm1000.go:172.51,182.5 1 0
modemcheck-client/scraper/dm1000.go:187.2,188.16 2 0
modemcheck-client/scraper/dm1000.go:188.16,190.3 1 0
modemcheck-client/scraper/dm1000.go:191.2,194.71 3 0
modemcheck-client/scraper/dm1000.go:194.71,196.3 1 0
modemcheck-client/scraper/dm1000.go:198.2,198.58 1 0
modemcheck-client/scraper/dm1000.go:198.58,199.30 1 0
modemcheck-client/scraper/dm1000.go:199.30,200.51 1 0
modemcheck-client/scraper/dm1000.go:200.51,213.5 1 0
modemcheck-client/scraper/dm1000.go:218.2,220.16 3 0
modemcheck-client/scraper/dm1000.go:220.16,222.3 1 0
modemcheck-client/scraper/dm1000.go:223.2,226.67 3 0
modemcheck-client/scraper/dm1000.go:226.67,228.3 1 0
modemcheck-client/scraper/dm1000.go:230.2,230.54 1 0
modemcheck-client/scraper/dm1000.go:230.54,231.30 1 0
modemcheck-client/scraper/dm1000.go:231.30,232.51 1 0
modemcheck-client/scraper/dm1000.go:232.51,238.5 1 0
modemcheck-client/scraper/dm1000.go:243.2,244.16 2 0
modemcheck-client/scraper/dm1000.go:244.16,246.3 1 0
modemcheck-client/scraper/dm1000.go:247.2,250.71 3 0
modemcheck-client/scraper/dm1000.go:250.71,252.3 1 0
modemcheck-client/scraper/dm1000.go:254.2,254.76 1 0
modemcheck-client/scraper/dm1000.go:254.76,255.59 1 0
modemcheck-client/scraper/dm1000.go:255.59,257.68 1 0
modemcheck-client/scraper/dm1000.go:257.68,259.5 1 0
modemcheck-client/scraper/dm1000.go:260.4,260.68 1 0
modemcheck-client/scraper/dm1000.go:260.68,262.5 1 0
modemcheck-client/scraper/dm1000.go:267.2,269.16 3 0
modemcheck-client/scraper/dm1000.go:269.16,271.3 1 0
modemcheck-client/scraper/dm1000.go:272.2,275.70 3 0
modemcheck-client/scraper/dm1000.go:275.70,277.3 1 0
modemcheck-client/scraper/dm1000.go:279.2,279.57 1 0
modemcheck-client/scraper/dm1000.go:279.57,280.30 1 0
modemcheck-client/scraper/dm1000.go:280.30,281.54 1 0
modemcheck-client/scraper/dm1000.go:281.54,287.5 1 0
modemcheck-client/scraper/dm1000.go:291.2,291.18 1 0
modemcheck-client/scraper/dm1000.go:297.97,312.31 3 0
modemcheck-client/scraper/dm1000.go:312.31,313.55 1 0
modemcheck-client/scraper/dm1000.go:313.55,314.51 1 0
modemcheck-client/scraper/dm1000.go:314.51,315.26 1 0
modemcheck-client/scraper/dm1000.go:316.19,317.28 1 0
modemcheck-client/scraper/dm1000.go:318.18,319.27 1 0
modemcheck-client/scraper/dm1000.go:320.18,321.27 1 0
modemcheck-client/scraper/dm1000.go:322.25,323.34 1 0
modemcheck-client/scraper/dm1000.go:324.22,325.31 1 0
modemcheck-client/scraper/dm1000.go:326.24,327.33 1 0
modemcheck-client/scraper/dm1000.go:328.23,329.32 1 0
modemcheck-client/scraper/dm1000.go:330.22,331.31 1 0
modemcheck-client/scraper/dm1000.go:332.27,333.36 1 0
modemcheck-client/scraper/dm1000.go:338.2,338.16 1 0
modemcheck-client/scraper/dm1000.go:342.42,346.16 3 0
modemcheck-client/scraper/dm1000.go:346.16,348.3 1 0
modemcheck-client/scraper/dm1000.go:349.2,350.12 2 0
modemcheck-client/scraper/dm1000.go:354.47,356.2 1 0
modemcheck-client/scraper/dm1000.go:359.61,361.16 2 0
modemcheck-client/scraper/dm1000.go:361.16,363.3 1 0
modemcheck-client/scraper/dm1000.go:364.2,367.16 3 0
modemcheck-client/scraper/dm1000.go:367.16,369.3 1 0
modemcheck-client/scraper/dm1000.go:370.2,370.64 1 0
modemcheck-client/scraper/scraper.go:146.51,148.19 2 0
modemcheck-client/scraper/scraper.go:148.19,150.3 1 0
modemcheck-client/scraper/scraper.go:152.2,155.16 3 0
modemcheck-client/scraper/scraper.go:156.23,158.61 1 0
modemcheck-client/scraper/scraper.go:159.22,161.52 1 0
modemcheck-client/scraper/scraper.go:162.20,164.54 1 0
modemcheck-client/scraper/scraper.go:165.23,174.34 2 0
modemcheck-client/scraper/scraper.go:174.34,176.18 2 0
modemcheck-client/scraper/scraper.go:176.18,177.10 1 0
modemcheck-client/scraper/scraper.go:182.2,182.16 1 0
modemcheck-client/scraper/scraper.go:182.16,185.3 1 0
modemcheck-client/scraper/scraper.go:187.2,187.17 1 0
modemcheck-client/scraper/scraper.go:192.51,194.21 2 0
modemcheck-client/scraper/scraper.go:194.21,196.3 1 0
modemcheck-client/scraper/scraper.go:198.2,202.69 3 0
modemcheck-client/scraper/scraper.go:202.69,207.3 4 0
modemcheck-client/scraper/scraper.go:210.2,211.68 2 0
modemcheck-client/scraper/scraper.go:211.68,217.23 5 0
modemcheck-client/scraper/scraper.go:217.23,219.4 1 0
modemcheck-client/scraper/scraper.go:220.3,220.23 1 0
modemcheck-client/scraper/scraper.go:220.23,222.4 1 0
modemcheck-client/scraper/scraper.go:223.3,223.23 1 0
modemcheck-client/scraper/scraper.go:223.23,225.4 1 0
modemcheck-client/scraper/scraper.go:226.3,226.23 1 0
modemcheck-client/scraper/scraper.go:226.23,228.4 1 0
modemcheck-client/scraper/scraper.go:230.3,231.23 2 0
modemcheck-client/scraper/scraper.go:231.23,233.4 1 0
modemcheck-client/scraper/scraper.go:237.2,238.71 2 0
modemcheck-client/scraper/scraper.go:238.71,243.23 4 0
modemcheck-client/scraper/scraper.go:243.23,245.4 1 0
modemcheck-client/scraper/scraper.go:246.3,246.23 1 0
modemcheck-client/scraper/scraper.go:246.23,248.4 1 0
modemcheck-client/scraper/scraper.go:249.3,249.23 1 0
modemcheck-client/scraper/scraper.go:249.23,251.4 1 0
modemcheck-client/scraper/scraper.go:253.3,254.23 2 0
modemcheck-client/scraper/scraper.go:254.23,256.4 1 0
modemcheck-client/scraper/scraper.go:260.2,260.10 1 0
modemcheck-client/scraper/scraper.go:264.61,265.27 1 0
modemcheck-client/scraper/scraper.go:265.27,267.3 1 0
modemcheck-client/scraper/scraper.go:268.2,268.11 1 0
modemcheck-client/scraper/scraper.go:273.62,275.63 1 0
modemcheck-client/scraper/scraper.go:275.63,277.3 1 0
modemcheck-client/scraper/scraper.go:280.2,280.35 1 0
modemcheck-client/scraper/scraper.go:280.35,282.3 1 0
modemcheck-client/scraper/scraper.go:285.2,285.36 1 0
modemcheck-client/scraper/scraper.go:285.36,287.3 1 0
modemcheck-client/scraper/scraper.go:289.2,289.18 1 0
modemcheck-client/scraper/xfinity.go:22.114,30.2 1 0
modemcheck-client/scraper/xfinity.go:34.55,38.16 4 0
modemcheck-client/scraper/xfinity.go:38.16,40.3 1 0
modemcheck-client/scraper/xfinity.go:41.2,41.18 1 0
modemcheck-client/scraper/xfinity.go:45.40,62.16 9 0
modemcheck-client/scraper/xfinity.go:62.16,65.3 2 0
modemcheck-client/scraper/xfinity.go:66.2,71.16 4 0
modemcheck-client/scraper/xfinity.go:71.16,74.3 2 0
modemcheck-client/scraper/xfinity.go:75.2,78.16 3 0
modemcheck-client/scraper/xfinity.go:78.16,81.3 2 0
modemcheck-client/scraper/xfinity.go:82.2,84.43 2 0
modemcheck-client/scraper/xfinity.go:84.43,86.3 1 0
modemcheck-client/scraper/xfinity.go:88.2,91.38 2 0
modemcheck-client/scraper/xfinity.go:91.38,94.3 2 0
modemcheck-client/scraper/xfinity.go:94.8,94.45 1 0
modemcheck-client/scraper/xfinity.go:94.45,97.3 2 0
modemcheck-client/scraper/xfinity.go:99.2,99.12 1 0
modemcheck-client/scraper/xfinity.go:103.51,106.16 3 0
modemcheck-client/scraper/xfinity.go:106.16,108.3 1 0
modemcheck-client/scraper/xfinity.go:109.2,112.16 3 0
modemcheck-client/scraper/xfinity.go:112.16,115.3 2 0
modemcheck-client/scraper/xfinity.go:116.2,118.43 2 0
modemcheck-client/scraper/xfinity.go:118.43,120.3 1 0
modemcheck-client/scraper/xfinity.go:123.2,134.35 3 0
modemcheck-client/scraper/xfinity.go:134.35,138.23 3 0
modemcheck-client/scraper/xfinity.go:138.23,143.40 4 0
modemcheck-client/scraper/xfinity.go:143.40,146.5 2 0
modemcheck-client/scraper/xfinity.go:151.2,155.22 3 0
modemcheck-client/scraper/xfinity.go:155.22,158.30 2 0
modemcheck-client/scraper/xfinity.go:158.30,160.4 1 0
modemcheck-client/scraper/xfinity.go:161.3,162.70 2 0
modemcheck-client/scraper/xfinity.go:162.70,167.22 4 0
modemcheck-client/scraper/xfinity.go:167.22,170.5 2 0
modemcheck-client/scraper/xfinity.go:174.2,174.61 1 0
modemcheck-client/scraper/xfinity.go:179.71,182.16 3 0
modemcheck-client/scraper/xfinity.go:182.16,184.3 1 0
modemcheck-client/scraper/xfinity.go:185.2,188.16 3 0
modemcheck-client/scraper/xfinity.go:188.16,191.3 2 0
modemcheck-client/scraper/xfinity.go:192.2,194.43 2 0
modemcheck-client/scraper/xfinity.go:194.43,198.17 4 0
modemcheck-client/scraper/xfinity.go:198.17,200.4 1 0
modemcheck-client/scraper/xfinity.go:201.3,203.17 3 0
modemcheck-client/scraper/xfinity.go:203.17,206.4 2 0
modemcheck-client/scraper/xfinity.go:207.3,207.32 1 0
modemcheck-client/scraper/xfinity.go:210.2,222.16 9 0
modemcheck-client/scraper/xfinity.go:222.16,224.3 1 0
modemcheck-client/scraper/xfinity.go:224.8,227.17 3 0
modemcheck-client/scraper/xfinity.go:227.17,229.4 1 0
modemcheck-client/scraper/xfinity.go:229.9,231.82 2 0
modemcheck-client/scraper/xfinity.go:231.82,233.5 1 0
modemcheck-client/scraper/xfinity.go:238.2,246.18 4 0
modemcheck-client/scraper/xfinity.go:251.66,254.62 2 0
modemcheck-client/scraper/xfinity.go:254.62,256.3 1 0
modemcheck-client/scraper/xfinity.go:259.2,260.62 2 0
modemcheck-client/scraper/xfinity.go:260.62,262.3 1 0
modemcheck-client/scraper/xfinity.go:263.2,263.11 1 0
modemcheck-client/scraper/xfinity.go:268.93,295.27 17 0
modemcheck-client/scraper/xfinity.go:295.27,301.3 1 0
modemcheck-client/scraper/xfinity.go:304.2,304.32 1 0
modemcheck-client/scraper/xfinity.go:304.32,315.20 9 0
modemcheck-client/scraper/xfinity.go:315.20,328.4 1 0
modemcheck-client/scraper/xfinity.go:328.9,338.4 1 0
modemcheck-client/scraper/xfinity.go:341.2,341.35 1 0
modemcheck-client/scraper/xfinity.go:346.92,360.32 10 0
modemcheck-client/scraper/xfinity.go:360.32,366.21 5 0
modemcheck-client/scraper/xfinity.go:366.21,373.4 1 0
modemcheck-client/scraper/xfinity.go:373.9,379.4 1 0
modemcheck-client/scraper/xfinity.go:382.2,382.36 1 0
modemcheck-client/scraper/xfinity.go:387.75,394.23 4 0
modemcheck-client/scraper/xfinity.go:394.23,396.3 1 0
modemcheck-client/scraper/xfinity.go:399.2,402.29 3 0
modemcheck-client/scraper/xfinity.go:402.29,403.20 1 0
modemcheck-client/scraper/xfinity.go:403.20,405.4 1 0
modemcheck-client/scraper/xfinity.go:408.2,408.16 1 0
modemcheck-client/scraper/xfinity.go:412.43,415.2 2 0
modemcheck-client/scraper/xfinity.go:418.48,420.2 1 0
modemcheck-client/scraper/xfinity.go:423.62,425.16 2 0
modemcheck-client/scraper/xfinity.go:425.16,427.3 1 0
modemcheck-client/scraper/xfinity.go:428.2,431.16 3 0
modemcheck-client/scraper/xfinity.go:431.16,433.3 1 0
modemcheck-client/scraper/xfinity.go:434.2,436.63 2 0
modemcheck-client/scraper/xfinity.go:436.63,439.17 2 0
modemcheck-client/scraper/xfinity.go:439.17,442.81 3 0
modemcheck-client/scraper/xfinity.go:442.81,444.5 1 0
modemcheck-client/scraper/xfinity.go:448.2,448.14 1 0
modemcheck-client/scraper/xfinity.go:453.51,454.24 1 0
modemcheck-client/scraper/xfinity.go:454.24,456.3 1 0
modemcheck-client/scraper/xfinity.go:457.2,457.11 1 0
modemcheck-client/scraper/xfinity.go:461.36,464.2 2 0
modemcheck-client/cloud_client.go:39.93,49.2 5 0
modemcheck-client/cloud_client.go:55.46,59.16 3 0
modemcheck-client/cloud_client.go:59.16,60.25 1 0
modemcheck-client/cloud_client.go:60.25,62.4 1 0
modemcheck-client/cloud_client.go:63.3,63.18 1 0
modemcheck-client/cloud_client.go:66.2,66.52 1 0
modemcheck-client/cloud_client.go:66.52,68.3 1 0
modemcheck-client/cloud_client.go:70.2,70.19 1 0
modemcheck-client/cloud_client.go:74.48,77.47 2 0
modemcheck-client/cloud_client.go:77.47,79.3 1 0
modemcheck-client/cloud_client.go:81.2,82.16 2 0
modemcheck-client/cloud_client.go:82.16,84.3 1 0
modemcheck-client/cloud_client.go:86.2,86.48 1 0
modemcheck-client/cloud_client.go:91.67,93.47 1 0
modemcheck-client/cloud_client.go:93.47,94.42 1 0
modemcheck-client/cloud_client.go:94.42,100.4 4 0
modemcheck-client/cloud_client.go:104.2,110.45 5 0
modemcheck-client/cloud_client.go:110.45,112.3 1 0
modemcheck-client/cloud_client.go:116.65,117.44 1 0
modemcheck-client/cloud_client.go:117.44,118.33 1 0
modemcheck-client/cloud_client.go:118.33,121.4 2 0
modemcheck-client/cloud_client.go:127.45,131.44 3 0
modemcheck-client/cloud_client.go:131.44,133.44 1 0
modemcheck-client/cloud_client.go:133.44,134.12 1 0
modemcheck-client/cloud_client.go:138.3,138.60 1 0
modemcheck-client/cloud_client.go:138.60,139.12 1 0
modemcheck-client/cloud_client.go:142.3,142.35 1 0
modemcheck-client/cloud_client.go:145.2,145.31 1 0
modemcheck-client/cloud_client.go:150.87,154.32 2 0
modemcheck-client/cloud_client.go:154.32,156.3 1 0
modemcheck-client/cloud_client.go:159.2,160.16 2 0
modemcheck-client/cloud_client.go:160.16,162.3 1 0
modemcheck-client/cloud_client.go:163.2,167.16 3 0
modemcheck-client/cloud_client.go:167.16,169.3 1 0
modemcheck-client/cloud_client.go:172.2,188.78 7 0
modemcheck-client/cloud_client.go:188.78,191.3 2 0
modemcheck-client/cloud_client.go:195.2,196.16 2 0
modemcheck-client/cloud_client.go:196.16,198.3 1 0
modemcheck-client/cloud_client.go:199.2,229.16 23 0
modemcheck-client/cloud_client.go:229.16,231.3 1 0
modemcheck-client/cloud_client.go:232.2,240.16 5 0
modemcheck-client/cloud_client.go:240.16,242.3 1 0
modemcheck-client/cloud_client.go:243.2,247.16 3 0
modemcheck-client/cloud_client.go:247.16,249.3 1 0
modemcheck-client/cloud_client.go:252.2,252.38 1 0
modemcheck-client/cloud_client.go:252.38,254.3 1 0
modemcheck-client/cloud_client.go:256.2,262.62 2 0
modemcheck-client/cloud_client.go:262.62,264.3 1 0
modemcheck-client/cloud_client.go:266.2,266.25 1 0
modemcheck-client/cloud_client.go:266.25,268.21 2 0
modemcheck-client/cloud_client.go:268.21,270.4 1 0
modemcheck-client/cloud_client.go:271.3,271.60 1 0
modemcheck-client/cloud_client.go:274.2,275.12 2 0
modemcheck-client/cloud_client.go:279.95,280.27 1 0
modemcheck-client/cloud_client.go:280.27,282.3 1 0
modemcheck-client/cloud_client.go:285.2,286.55 2 0
modemcheck-client/cloud_client.go:290.61,291.35 1 0
modemcheck-client/cloud_client.go:291.35,293.3 1 0
modemcheck-client/cloud_client.go:295.2,305.32 7 0
modemcheck-client/cloud_client.go:305.32,307.60 1 0
modemcheck-client/cloud_client.go:307.60,311.12 4 0
modemcheck-client/cloud_client.go:315.3,316.17 2 0
modemcheck-client/cloud_client.go:316.17,320.4 3 0
modemcheck-client/cloud_client.go:320.9,323.39 2 0
modemcheck-client/cloud_client.go:323.39,324.58 1 0
modemcheck-client/cloud_client.go:324.58,328.11 4 0
modemcheck-client/cloud_client.go:331.4,331.15 1 0
modemcheck-client/cloud_client.go:336.2,336.47 1 0
modemcheck-client/cloud_client.go:336.47,338.3 1 0
modemcheck-client/cloud_client.go:340.2,340.42 1 0
modemcheck-client/cloud_client.go:340.42,342.3 1 0
modemcheck-client/cloud_client.go:347.45,351.56 2 0
modemcheck-client/cloud_client.go:351.56,353.3 1 0
modemcheck-client/cloud_client.go:356.2,357.16 2 0
modemcheck-client/cloud_client.go:357.16,359.3 1 0
modemcheck-client/cloud_client.go:360.2,364.16 3 0
modemcheck-client/cloud_client.go:364.16,366.3 1 0
modemcheck-client/cloud_client.go:367.2,377.21 8 0
modemcheck-client/cloud_client.go:377.21,382.40 3 0
modemcheck-client/cloud_client.go:382.40,383.12 1 0
modemcheck-client/cloud_client.go:388.3,390.22 3 0
modemcheck-client/cloud_client.go:390.22,392.94 2 0
modemcheck-client/cloud_client.go:392.94,393.35 1 0
modemcheck-client/cloud_client.go:393.35,395.6 1 0
modemcheck-client/cloud_client.go:399.3,399.17 1 0
modemcheck-client/cloud_client.go:399.17,400.61 1 0
modemcheck-client/cloud_client.go:400.61,403.5 2 0
modemcheck-client/cloud_client.go:404.4,404.15 1 0
modemcheck-client/cloud_client.go:408.2,408.38 1 0
modemcheck-client/cloud_client.go:408.38,411.3 2 0
modemcheck-client/cloud_client.go:414.2,414.39 1 0
modemcheck-client/cloud_client.go:414.39,417.3 2 0
modemcheck-client/cloud_client.go:418.2,418.40 1 0
modemcheck-client/cloud_client.go:418.40,420.3 1 0
modemcheck-client/cloud_client.go:423.2,423.32 1 0
modemcheck-client/cloud_client.go:423.32,424.61 1 0
modemcheck-client/cloud_client.go:424.61,426.4 1 0
modemcheck-client/cloud_client.go:429.2,429.12 1 0
modemcheck-client/cloud_client.go:434.41,436.41 1 0
modemcheck-client/cloud_client.go:436.41,438.3 1 0
modemcheck-client/cloud_client.go:442.2,443.15 2 0
modemcheck-client/cloud_client.go:443.15,446.34 2 0
modemcheck-client/cloud_client.go:446.34,449.4 1 0
modemcheck-client/cloud_client.go:450.3,450.14 1 0
modemcheck-client/cloud_client.go:454.2,465.37 2 0
modemcheck-client/cloud_client.go:465.37,467.17 2 0
modemcheck-client/cloud_client.go:467.17,468.12 1 0
modemcheck-client/cloud_client.go:470.3,470.25 1 0
modemcheck-client/cloud_client.go:470.25,472.4 1 0
modemcheck-client/cloud_client.go:475.2,475.14 1 0
modemcheck-client/config.go:56.63,58.16 2 0
modemcheck-client/config.go:58.16,60.3 1 0
modemcheck-client/config.go:62.2,62.53 1 0
modemcheck-client/config.go:62.53,64.3 1 0
modemcheck-client/config.go:67.2,67.35 1 0
modemcheck-client/config.go:67.35,69.3 1 0
modemcheck-client/config.go:70.2,70.34 1 0
modemcheck-client/config.go:70.34,72.3 1 0
modemcheck-client/config.go:74.2,74.27 1 0
modemcheck-client/config.go:74.27,76.3 1 0
modemcheck-client/config.go:77.2,77.52 1 0
modemcheck-client/config.go:77.52,79.3 1 0
modemcheck-client/config.go:81.2,81.36 1 0
modemcheck-client/config.go:81.36,83.3 1 0
modemcheck-client/config.go:84.2,84.35 1 0
modemcheck-client/config.go:84.35,86.3 1 0
modemcheck-client/config.go:89.2,89.32 1 0
modemcheck-client/config.go:89.32,91.3 1 0
modemcheck-client/config.go:93.2,94.42 2 0
modemcheck-client/config.go:94.42,96.3 1 0
modemcheck-client/config.go:99.2,99.24 1 0
modemcheck-client/config.go:99.24,100.29 1 0
modemcheck-client/config.go:100.29,102.4 1 0
modemcheck-client/config.go:103.3,103.31 1 0
modemcheck-client/config.go:103.31,105.4 1 0
modemcheck-client/config.go:108.2,108.12 1 0
modemcheck-client/config.go:121.62,123.16 2 0
modemcheck-client/config.go:123.16,125.3 1 0
modemcheck-client/config.go:126.2,134.16 5 0
modemcheck-client/config.go:134.16,135.25 1 0
modemcheck-client/config.go:135.25,138.4 1 0
modemcheck-client/config.go:139.3,139.63 1 0
modemcheck-client/config.go:142.2,142.52 1 0
modemcheck-client/config.go:142.52,144.3 1 0
modemcheck-client/config.go:146.2,147.19 2 0
modemcheck-client/config.go:151.78,153.16 2 0
modemcheck-client/config.go:153.16,155.3 1 0
modemcheck-client/config.go:156.2,167.16 5 0
modemcheck-client/config.go:167.16,169.3 1 0
modemcheck-client/config.go:171.2,171.60 1 0
modemcheck-client/config.go:171.60,173.3 1 0
modemcheck-client/config.go:175.2,175.12 1 0
modemcheck-client/config.go:189.46,191.16 2 0
modemcheck-client/config.go:191.16,193.3 1 0
modemcheck-client/config.go:194.2,198.16 4 0
modemcheck-client/config.go:198.16,199.25 1 0
modemcheck-client/config.go:199.25,202.4 1 0
modemcheck-client/config.go:203.3,203.63 1 0
modemcheck-client/config.go:206.2,207.53 2 0
modemcheck-client/config.go:207.53,209.3 1 0
modemcheck-client/config.go:212.2,212.48 1 0
modemcheck-client/config.go:212.48,215.3 1 0
modemcheck-client/config.go:217.2,217.20 1 0
modemcheck-client/config.go:221.78,223.16 2 0
modemcheck-client/config.go:223.16,225.3 1 0
modemcheck-client/config.go:226.2,239.16 5 0
modemcheck-client/config.go:239.16,241.3 1 0
modemcheck-client/config.go:243.2,243.60 1 0
modemcheck-client/config.go:243.60,245.3 1 0
modemcheck-client/config.go:247.2,247.12 1 0
modemcheck-client/config.go:260.67,270.16 4 0
modemcheck-client/config.go:270.16,271.25 1 0
modemcheck-client/config.go:271.25,275.4 2 0
modemcheck-client/config.go:276.3,276.63 1 0
modemcheck-client/config.go:279.2,279.52 1 0
modemcheck-client/config.go:279.52,281.3 1 0
modemcheck-client/config.go:283.2,286.19 3 0
modemcheck-client/config.go:290.47,292.2 1 0
modemcheck-client/config.go:296.39,299.35 2 0
modemcheck-client/config.go:299.35,302.3 1 0
modemcheck-client/config.go:305.2,306.47 2 0
modemcheck-client/config.go:306.47,308.3 1 0
modemcheck-client/config.go:310.2,311.16 2 0
modemcheck-client/config.go:311.16,313.3 1 0
modemcheck-client/config.go:315.2,315.66 1 0
modemcheck-client/config.go:315.66,317.3 1 0
modemcheck-client/config.go:320.2,321.12 2 0
modemcheck-client/diagnostics.go:36.69,37.32 1 0
modemcheck-client/diagnostics.go:37.32,39.3 1 0
modemcheck-client/diagnostics.go:42.2,42.28 1 0
modemcheck-client/diagnostics.go:42.28,45.3 2 0
modemcheck-client/diagnostics.go:48.2,49.53 2 0
modemcheck-client/diagnostics.go:49.53,53.3 2 0
modemcheck-client/diagnostics.go:55.2,57.14 2 0
modemcheck-client/diagnostics.go:62.89,65.32 2 0
modemcheck-client/diagnostics.go:65.32,70.3 4 0
modemcheck-client/diagnostics.go:73.2,73.34 1 0
modemcheck-client/diagnostics.go:73.34,78.3 4 0
modemcheck-client/diagnostics.go:80.2,85.16 4 0
modemcheck-client/diagnostics.go:85.16,90.3 4 0
modemcheck-client/diagnostics.go:93.2,94.16 2 0
modemcheck-client/diagnostics.go:94.16,99.3 4 0
modemcheck-client/diagnostics.go:101.2,101.23 1 0
modemcheck-client/diagnostics.go:101.23,106.3 4 0
modemcheck-client/diagnostics.go:109.2,118.16 6 0
modemcheck-client/diagnostics.go:118.16,123.3 3 0
modemcheck-client/diagnostics.go:126.2,128.16 3 0
modemcheck-client/diagnostics.go:128.16,131.3 2 0
modemcheck-client/diagnostics.go:131.8,136.3 3 0
modemcheck-client/diagnostics.go:139.2,141.16 3 0
modemcheck-client/diagnostics.go:141.16,144.3 2 0
modemcheck-client/diagnostics.go:144.8,149.3 3 0
modemcheck-client/diagnostics.go:151.2,156.16 3 0
modemcheck-client/diagnostics.go:161.60,175.12 4 0
modemcheck-client/diagnostics.go:175.12,176.16 1 0
modemcheck-client/diagnostics.go:176.16,177.32 1 0
modemcheck-client/diagnostics.go:177.32,180.5 2 0
modemcheck-client/diagnostics.go:182.3,183.68 2 0
modemcheck-client/diagnostics.go:186.2,186.12 1 0
modemcheck-client/diagnostics.go:186.12,187.16 1 0
modemcheck-client/diagnostics.go:187.16,188.32 1 0
modemcheck-client/diagnostics.go:188.32,191.5 2 0
modemcheck-client/diagnostics.go:193.3,194.74 2 0
modemcheck-client/diagnostics.go:198.2,198.25 1 0
modemcheck-client/diagnostics.go:198.25,200.23 2 0
modemcheck-client/diagnostics.go:200.23,202.34 2 0
modemcheck-client/diagnostics.go:202.34,207.5 4 0
modemcheck-client/diagnostics.go:207.10,212.5 4 0
modemcheck-client/diagnostics.go:213.9,215.34 2 0
modemcheck-client/diagnostics.go:215.34,220.5 4 0
modemcheck-client/diagnostics.go:220.10,225.5 4 0
modemcheck-client/diagnostics.go:232.114,235.15 2 0
modemcheck-client/diagnostics.go:235.15,237.3 1 0
modemcheck-client/diagnostics.go:240.2,240.37 1 0
modemcheck-client/diagnostics.go:245.116,248.16 2 0
modemcheck-client/diagnostics.go:248.16,251.3 2 0
modemcheck-client/diagnostics.go:254.2,264.16 6 0
modemcheck-client/diagnostics.go:264.16,266.20 1 0
modemcheck-client/diagnostics.go:266.20,269.18 3 0
modemcheck-client/diagnostics.go:269.18,272.5 2 0
modemcheck-client/diagnostics.go:273.4,278.18 5 0
modemcheck-client/diagnostics.go:278.18,281.5 2 0
modemcheck-client/diagnostics.go:282.9,286.18 3 0
modemcheck-client/diagnostics.go:286.18,289.5 2 0
modemcheck-client/diagnostics.go:290.4,295.18 5 0
modemcheck-client/diagnostics.go:295.18,299.5 2 0
modemcheck-client/diagnostics.go:304.2,308.27 3 0
modemcheck-client/diagnostics.go:308.27,310.3 1 0
modemcheck-client/diagnostics.go:311.2,314.22 2 0
modemcheck-client/diagnostics.go:314.22,317.3 2 0
modemcheck-client/diagnostics.go:320.2,320.25 1 0
modemcheck-client/diagnostics.go:320.25,323.3 2 0
modemcheck-client/diagnostics.go:326.2,326.22 1 0
modemcheck-client/diagnostics.go:326.22,329.3 2 0
modemcheck-client/diagnostics.go:331.2,331.38 1 0
modemcheck-client/diagnostics.go:336.120,339.39 1 78
modemcheck-client/diagnostics.go:339.39,342.3 2 3
modemcheck-client/diagnostics.go:348.2,348.28 1 75
modemcheck-client/diagnostics.go:348.28,350.79 1 1150
modemcheck-client/diagnostics.go:350.79,353.4 2 51
modemcheck-client/diagnostics.go:356.2,361.31 4 24
modemcheck-client/diagnostics.go:361.31,363.3 1 0
modemcheck-client/diagnostics.go:367.2,370.16 3 24
modemcheck-client/diagnostics.go:370.16,373.3 2 19
modemcheck-client/diagnostics.go:375.2,379.71 3 5
modemcheck-client/diagnostics.go:379.71,382.3 2 5
modemcheck-client/diagnostics.go:385.2,385.31 1 5
modemcheck-client/diagnostics.go:385.31,388.71 2 0
modemcheck-client/diagnostics.go:388.71,391.4 2 0
modemcheck-client/diagnostics.go:393.3,394.71 2 0
modemcheck-client/diagnostics.go:394.71,397.4 2 0
modemcheck-client/diagnostics.go:399.8,403.73 2 5
modemcheck-client/diagnostics.go:403.73,412.4 6 5
modemcheck-client/diagnostics.go:415.2,415.38 1 5
modemcheck-client/diagnostics.go:420.63,425.16 3 0
modemcheck-client/diagnostics.go:425.16,427.3 1 0
modemcheck-client/diagnostics.go:430.2,431.25 2 0
modemcheck-client/diagnostics.go:431.25,433.3 1 0
modemcheck-client/diagnostics.go:436.2,436.68 1 0
modemcheck-client/diagnostics.go:436.68,446.3 8 0
modemcheck-client/diagnostics.go:449.2,449.21 1 0
modemcheck-client/diagnostics.go:449.21,451.3 1 0
modemcheck-client/diagnostics.go:451.8,453.3 1 0
modemcheck-client/diagnostics.go:456.2,456.22 1 0
modemcheck-client/diagnostics.go:456.22,460.109 2 0
modemcheck-client/diagnostics.go:460.109,462.4 1 0
modemcheck-client/diagnostics.go:463.3,463.9 1 0
modemcheck-client/diagnostics.go:466.2,469.24 2 0
modemcheck-client/diagnostics.go:469.24,473.109 2 0
modemcheck-client/diagnostics.go:473.109,475.4 1 0
modemcheck-client/diagnostics.go:476.3,476.9 1 0
modemcheck-client/diagnostics.go:480.2,480.21 1 0
modemcheck-client/diagnostics.go:480.21,486.3 5 0
modemcheck-client/diagnostics.go:488.2,488.63 1 0
modemcheck-client/diagnostics.go:493.42,495.53 1 0
modemcheck-client/diagnostics.go:495.53,497.3 1 0
modemcheck-client/diagnostics.go:498.2,498.18 1 0
modemcheck-client/diagnostics.go:503.101,505.16 2 0
modemcheck-client/diagnostics.go:505.16,508.3 2 0
modemcheck-client/diagnostics.go:509.2,511.28 2 0
modemcheck-client/diagnostics.go:511.28,514.3 2 0
modemcheck-client/diagnostics.go:516.2,516.66 1 0
modemcheck-client/diagnostics.go:516.66,519.3 2 0
modemcheck-client/diagnostics.go:521.2,521.12 1 0
modemcheck-client/diagnostics.go:525.63,534.94 2 0
modemcheck-client/diagnostics.go:534.94,536.3 1 0
modemcheck-client/diagnostics.go:539.2,539.21 1 0
modemcheck-client/diagnostics.go:539.21,542.3 2 0
modemcheck-client/diagnostics.go:544.2,550.13 6 0
modemcheck-client/diagnostics.go:554.61,564.97 2 0
modemcheck-client/diagnostics.go:564.97,566.3 1 0
modemcheck-client/diagnostics.go:569.2,569.51 1 0
modemcheck-client/diagnostics.go:569.51,572.3 2 0
modemcheck-client/diagnostics.go:574.2,580.13 6 0
modemcheck-client/diagnostics.go:584.64,589.125 2 0
modemcheck-client/diagnostics.go:589.125,592.3 2 0
modemcheck-client/diagnostics.go:595.2,596.16 2 0
modemcheck-client/diagnostics.go:596.16,599.3 2 0
modemcheck-client/diagnostics.go:600.2,602.28 2 0
modemcheck-client/diagnostics.go:602.28,605.3 2 0
modemcheck-client/diagnostics.go:607.2,608.16 2 0
modemcheck-client/diagnostics.go:608.16,611.3 2 0
modemcheck-client/diagnostics.go:614.2,615.30 2 0
modemcheck-client/diagnostics.go:615.30,618.3 2 0
modemcheck-client/diagnostics.go:620.2,620.14 1 0
modemcheck-client/main.go:41.54,44.16 2 3
modemcheck-client/main.go:44.16,46.3 1 0
modemcheck-client/main.go:47.2,65.3 5 3
modemcheck-client/main.go:71.44,73.16 2 0
modemcheck-client/main.go:73.16,75.3 1 0
modemcheck-client/main.go:78.2,84.16 5 0
modemcheck-client/main.go:84.16,87.3 1 0
modemcheck-client/main.go:89.2,94.52 2 0
modemcheck-client/main.go:94.52,98.3 2 0
modemcheck-client/main.go:101.2,105.35 3 0
modemcheck-client/main.go:105.35,108.23 2 0
modemcheck-client/main.go:108.23,110.4 1 0
modemcheck-client/main.go:113.3,114.48 2 0
modemcheck-client/main.go:114.48,116.4 1 0
modemcheck-client/main.go:117.3,117.9 1 0
modemcheck-client/main.go:122.2,126.47 3 0
modemcheck-client/main.go:126.47,130.44 2 0
modemcheck-client/main.go:130.44,133.4 2 0
modemcheck-client/main.go:133.9,137.43 2 0
modemcheck-client/main.go:137.43,140.5 2 0
modemcheck-client/main.go:143.8,147.3 2 0
modemcheck-client/main.go:151.42,156.22 3 73
modemcheck-client/main.go:156.22,158.3 1 0
modemcheck-client/main.go:161.2,161.42 1 73
modemcheck-client/main.go:161.42,165.3 3 0
modemcheck-client/main.go:169.54,177.85 5 0
modemcheck-client/main.go:177.85,178.17 1 0
modemcheck-client/main.go:178.17,180.4 1 0
modemcheck-client/main.go:183.3,183.63 1 0
modemcheck-client/main.go:183.63,185.83 1 0
modemcheck-client/main.go:185.83,187.5 1 0
modemcheck-client/main.go:190.4,191.18 2 0
modemcheck-client/main.go:191.18,193.42 1 0
modemcheck-client/main.go:193.42,195.44 2 0
modemcheck-client/main.go:195.44,198.7 2 0
modemcheck-client/main.go:200.5,200.15 1 0
modemcheck-client/main.go:204.4,204.35 1 0
modemcheck-client/main.go:204.35,207.43 2 0
modemcheck-client/main.go:207.43,210.6 2 0
modemcheck-client/main.go:214.3,214.13 1 0
modemcheck-client/main.go:217.2,217.16 1 0
modemcheck-client/main.go:217.16,219.3 1 0
modemcheck-client/main.go:221.2,221.22 1 0
modemcheck-client/main.go:221.22,224.3 1 0
modemcheck-client/main.go:224.8,226.3 1 0
modemcheck-client/main.go:230.42,232.21 1 0
modemcheck-client/main.go:232.21,234.3 1 0
modemcheck-client/main.go:236.2,238.16 3 0
modemcheck-client/main.go:238.16,240.3 1 0
modemcheck-client/main.go:241.2,242.12 2 0
modemcheck-client/main.go:246.46,251.42 3 0
modemcheck-client/main.go:251.42,255.28 3 0
modemcheck-client/main.go:255.28,260.4 4 0
modemcheck-client/main.go:263.2,263.97 1 0
modemcheck-client/main.go:267.44,268.21 1 0
modemcheck-client/main.go:269.26,270.84 1 0
modemcheck-client/main.go:271.16,272.73 1 0
modemcheck-client/main.go:273.61,274.99 1 0
modemcheck-client/main.go:275.10,276.63 1 0
modemcheck-client/main.go:278.2,278.12 1 0
modemcheck-client/main.go:283.34,285.40 1 0
modemcheck-client/main.go:285.40,287.3 1 0
modemcheck-client/main.go:288.2,288.22 1 0
modemcheck-client/main.go:288.22,290.3 1 0
modemcheck-client/main.go:292.2,295.22 2 0
modemcheck-client/main.go:295.22,296.44 1 0
modemcheck-client/main.go:296.44,298.4 1 0
modemcheck-client/main.go:302.2,303.16 2 0
modemcheck-client/main.go:303.16,306.3 2 0
modemcheck-client/main.go:309.2,312.26 2 0
modemcheck-client/main.go:312.26,314.3 1 0
modemcheck-client/main.go:317.2,323.43 4 0
modemcheck-client/main.go:323.43,324.45 1 0
modemcheck-client/main.go:324.45,328.4 3 0
modemcheck-client/main.go:329.8,334.31 5 0
modemcheck-client/main.go:334.31,337.4 2 0
modemcheck-client/main.go:337.9,339.4 1 0
modemcheck-client/main.go:343.2,343.21 1 0
modemcheck-client/main.go:343.21,344.62 1 0
modemcheck-client/main.go:344.62,349.4 4 0
modemcheck-client/main.go:349.9,352.4 2 0
modemcheck-client/main.go:353.8,355.43 1 0
modemcheck-client/main.go:355.43,357.4 1 0
modemcheck-client/main.go:360.3,361.48 2 0
modemcheck-client/main.go:361.48,363.4 1 0
modemcheck-client/main.go:366.3,371.17 4 0
modemcheck-client/main.go:371.17,373.4 1 0
modemcheck-client/main.go:374.3,377.90 2 0
modemcheck-client/main.go:377.90,379.4 1 0
modemcheck-client/main.go:383.2,393.16 7 0
modemcheck-client/main.go:393.16,402.3 2 0
modemcheck-client/main.go:405.2,409.34 3 0
modemcheck-client/main.go:409.34,411.3 1 0
modemcheck-client/main.go:414.2,415.21 2 0
modemcheck-client/main.go:415.21,434.3 2 0
modemcheck-client/main.go:434.8,438.17 4 0
modemcheck-client/main.go:438.17,440.4 1 0
modemcheck-client/main.go:441.3,445.28 3 0
modemcheck-client/main.go:449.2,458.16 6 0
modemcheck-client/main.go:458.16,461.3 2 0
modemcheck-client/main.go:462.2,462.66 1 0
modemcheck-client/main.go:462.66,465.3 2 0
modemcheck-client/main.go:466.2,476.46 5 0
modemcheck-client/main.go:476.46,478.3 1 0
modemcheck-client/main.go:481.2,483.16 3 0
modemcheck-client/main.go:483.16,486.3 2 0
modemcheck-client/main.go:487.2,487.66 1 0
modemcheck-client/main.go:487.66,490.3 2 0
modemcheck-client/main.go:493.2,493.26 1 0
modemcheck-client/main.go:493.26,494.79 1 0
modemcheck-client/main.go:494.79,508.49 5 0
modemcheck-client/main.go:508.49,510.5 1 0
modemcheck-client/main.go:510.10,512.5 1 0
modemcheck-client/main.go:513.9,515.4 1 0
modemcheck-client/main.go:519.2,519.47 1 0
modemcheck-client/main.go:519.47,521.3 1 0
modemcheck-client/main.go:523.2,524.12 2 0
modemcheck-client/main.go:527.13,529.22 1 0
modemcheck-client/main.go:529.22,564.3 34 0
modemcheck-client/main.go:567.2,590.14 15 0
modemcheck-client/main.go:590.14,593.3 2 0
modemcheck-client/main.go:595.2,615.28 2 0
modemcheck-client/main.go:615.28,617.3 1 0
modemcheck-client/main.go:620.2,621.23 2 0
modemcheck-client/main.go:621.23,624.3 1 0
modemcheck-client/main.go:624.8,627.17 2 0
modemcheck-client/main.go:627.17,630.56 3 0
modemcheck-client/main.go:630.56,633.5 2 0
modemcheck-client/main.go:638.2,638.22 1 0
modemcheck-client/main.go:638.22,639.61 1 0
modemcheck-client/main.go:639.61,641.4 1 0
modemcheck-client/main.go:645.2,648.30 2 0
modemcheck-client/main.go:648.30,650.3 1 0
modemcheck-client/main.go:653.2,653.30 1 0
modemcheck-client/main.go:653.30,654.96 1 0
modemcheck-client/main.go:654.96,655.85 1 0
modemcheck-client/main.go:655.85,658.5 2 0
modemcheck-client/main.go:658.10,660.44 1 0
modemcheck-client/main.go:660.44,663.6 2 0
modemcheck-client/main.go:665.5,665.11 1 0
modemcheck-client/main.go:670.2,670.41 1 0
modemcheck-client/main.go:670.41,672.3 1 0
modemcheck-client/updater.go:55.99,60.51 2 0
modemcheck-client/updater.go:60.51,63.3 2 0
modemcheck-client/updater.go:66.2,67.21 2 0
modemcheck-client/updater.go:67.21,69.3 1 0
modemcheck-client/updater.go:72.2,73.16 2 0
modemcheck-client/updater.go:73.16,75.3 1 0
modemcheck-client/updater.go:77.2,78.16 2 0
modemcheck-client/updater.go:78.16,80.3 1 0
modemcheck-client/updater.go:82.2,83.16 2 0
modemcheck-client/updater.go:83.16,85.3 1 0
modemcheck-client/updater.go:87.2,87.45 1 0
modemcheck-client/updater.go:94.78,96.16 2 0
modemcheck-client/updater.go:96.16,98.3 1 0
modemcheck-client/updater.go:100.2,101.16 2 0
modemcheck-client/updater.go:101.16,103.3 1 0
modemcheck-client/updater.go:106.2,106.25 1 0
modemcheck-client/updater.go:106.25,108.3 1 0
modemcheck-client/updater.go:108.8,108.32 1 0
modemcheck-client/updater.go:108.32,110.3 1 0
modemcheck-client/updater.go:113.2,113.25 1 0
modemcheck-client/updater.go:113.25,115.3 1 0
modemcheck-client/updater.go:115.8,115.32 1 0
modemcheck-client/updater.go:115.32,117.3 1 0
modemcheck-client/updater.go:120.2,120.25 1 0
modemcheck-client/updater.go:120.25,122.3 1 0
modemcheck-client/updater.go:122.8,122.32 1 0
modemcheck-client/updater.go:122.32,124.3 1 0
modemcheck-client/updater.go:128.2,128.48 1 0
modemcheck-client/updater.go:128.48,131.3 1 0
modemcheck-client/updater.go:131.8,131.55 1 0
modemcheck-client/updater.go:131.55,134.3 1 0
modemcheck-client/updater.go:134.8,134.55 1 0
modemcheck-client/updater.go:134.55,140.42 3 0
modemcheck-client/updater.go:140.42,142.4 1 0
modemcheck-client/updater.go:146.2,146.19 1 0
modemcheck-client/updater.go:151.53,154.20 2 0
modemcheck-client/updater.go:154.20,156.3 1 0
modemcheck-client/updater.go:158.2,160.16 3 0
modemcheck-client/updater.go:160.16,162.3 1 0
modemcheck-client/updater.go:163.2,163.12 1 0
modemcheck-client/updater.go:168.49,170.16 2 0
modemcheck-client/updater.go:170.16,172.3 1 0
modemcheck-client/updater.go:173.2,177.16 4 0
modemcheck-client/updater.go:177.16,180.3 1 0
modemcheck-client/updater.go:182.2,183.52 2 0
modemcheck-client/updater.go:183.52,186.3 1 0
modemcheck-client/updater.go:189.2,189.35 1 0
modemcheck-client/updater.go:189.35,192.3 1 0
modemcheck-client/updater.go:195.2,195.49 1 0
modemcheck-client/updater.go:195.49,198.3 1 0
modemcheck-client/updater.go:201.2,201.13 1 0
modemcheck-client/updater.go:205.39,207.16 2 0
modemcheck-client/updater.go:207.16,209.3 1 0
modemcheck-client/updater.go:210.2,219.16 5 0
modemcheck-client/updater.go:219.16,221.3 1 0
modemcheck-client/updater.go:223.2,223.36 1 0
modemcheck-client/updater.go:227.24,229.16 2 0
modemcheck-client/updater.go:229.16,231.3 1 0
modemcheck-client/updater.go:232.2,234.21 3 0
modemcheck-client/updater.go:239.60,242.16 2 0
modemcheck-client/updater.go:242.16,244.3 1 0
modemcheck-client/updater.go:247.2,248.16 2 0
modemcheck-client/updater.go:248.16,250.3 1 0
modemcheck-client/updater.go:252.2,253.16 2 0
modemcheck-client/updater.go:253.16,255.3 1 0
modemcheck-client/updater.go:258.2,259.16 2 0
modemcheck-client/updater.go:259.16,261.3 1 0
modemcheck-client/updater.go:263.2,264.16 2 0
modemcheck-client/updater.go:264.16,266.3 1 0
modemcheck-client/updater.go:268.2,268.12 1 0
modemcheck-client/updater.go:268.12,270.3 1 0
modemcheck-client/updater.go:272.2,272.12 1 0
modemcheck-client/updater.go:277.54,283.16 5 0
modemcheck-client/updater.go:283.16,285.3 1 0
modemcheck-client/updater.go:288.2,288.22 1 0
modemcheck-client/updater.go:288.22,290.3 1 0
modemcheck-client/updater.go:292.2,292.12 1 0
modemcheck-client/updater.go:307.50,310.38 1 0
modemcheck-client/updater.go:310.38,312.3 1 0
modemcheck-client/updater.go:313.2,313.13 1 0
modemcheck-client/updater.go:318.45,320.16 2 0
modemcheck-client/updater.go:320.16,322.3 1 0
modemcheck-client/updater.go:324.2,325.16 2 0
modemcheck-client/updater.go:325.16,327.3 1 0
modemcheck-client/updater.go:330.2,335.55 3 0
modemcheck-client/updater.go:335.55,337.3 1 0
modemcheck-client/updater.go:339.2,342.46 2 0
modemcheck-client/updater.go:342.46,344.3 1 0
modemcheck-client/updater.go:347.2,347.58 1 0
modemcheck-client/updater.go:347.58,349.3 1 0
modemcheck-client/updater.go:352.2,355.12 3 0
modemcheck-client/updater.go:361.105,362.33 1 0
modemcheck-client/updater.go:362.33,364.3 1 0
modemcheck-client/updater.go:367.2,370.74 3 0
modemcheck-client/updater.go:370.74,374.3 3 0
modemcheck-client/updater.go:374.8,376.3 1 0
modemcheck-client/updater.go:379.2,384.16 5 0
modemcheck-client/updater.go:384.16,387.3 2 0
modemcheck-client/updater.go:389.2,393.16 4 0
modemcheck-client/updater.go:393.16,396.3 2 0
modemcheck-client/updater.go:397.2,399.38 2 0
modemcheck-client/updater.go:399.38,402.3 2 0
modemcheck-client/updater.go:405.2,406.23 2 0
modemcheck-client/updater.go:406.23,408.70 1 0
modemcheck-client/updater.go:408.70,411.4 2 0
modemcheck-client/updater.go:414.3,415.32 2 0
modemcheck-client/updater.go:415.32,416.36 1 0
modemcheck-client/updater.go:416.36,418.5 1 0
modemcheck-client/updater.go:421.3,421.33 1 0
modemcheck-client/updater.go:421.33,424.4 2 0
modemcheck-client/updater.go:427.3,427.34 1 0
modemcheck-client/updater.go:428.8,431.69 2 0
modemcheck-client/updater.go:431.69,434.4 2 0
modemcheck-client/updater.go:435.3,435.38 1 0
modemcheck-client/updater.go:438.2,446.16 5 0
modemcheck-client/updater.go:446.16,449.38 2 0
modemcheck-client/updater.go:449.38,452.4 2 0
modemcheck-client/updater.go:453.8,453.26 1 0
modemcheck-client/updater.go:453.26,456.3 2 0
modemcheck-client/updater.go:459.2,459.36 1 0
modemcheck-client/updater.go:459.36,462.3 2 0
modemcheck-client/updater.go:465.2,466.39 2 0
modemcheck-client/updater.go:466.39,467.49 1 0
modemcheck-client/updater.go:467.49,469.26 2 0
modemcheck-client/updater.go:469.26,471.5 1 0
modemcheck-client/updater.go:472.4,473.56 2 0
modemcheck-client/updater.go:477.2,478.22 2 0
modemcheck-client/updater.go:485.83,490.16 3 0
modemcheck-client/updater.go:490.16,492.3 1 0
modemcheck-client/updater.go:495.2,496.16 2 0
modemcheck-client/updater.go:496.16,498.3 1 0
modemcheck-client/updater.go:503.2,511.20 5 0
modemcheck-client/updater.go:511.20,514.3 2 0
modemcheck-client/updater.go:518.2,518.59 1 0
modemcheck-client/updater.go:518.59,521.3 2 0
modemcheck-client/updater.go:522.2,527.60 3 0
modemcheck-client/updater.go:527.60,530.3 2 0
modemcheck-client/updater.go:531.2,536.58 3 0
modemcheck-client/updater.go:536.58,539.3 2 0
modemcheck-client/updater.go:540.2,545.16 3 0
modemcheck-client/updater.go:545.16,548.31 3 0
modemcheck-client/updater.go:548.31,551.4 2 0
modemcheck-client/updater.go:552.3,552.96 1 0
modemcheck-client/updater.go:556.2,556.31 1 0
modemcheck-client/updater.go:556.31,557.49 1 0
modemcheck-client/updater.go:557.49,560.4 2 0
modemcheck-client/updater.go:565.2,566.56 2 0
modemcheck-client/updater.go:566.56,569.3 2 0
modemcheck-client/updater.go:570.2,576.58 3 0
modemcheck-client/updater.go:576.58,579.3 2 0
modemcheck-client/updater.go:580.2,584.55 2 0
modemcheck-client/updater.go:584.55,587.75 2 0
modemcheck-client/updater.go:587.75,591.4 1 0
modemcheck-client/updater.go:592.3,593.79 2 0
modemcheck-client/updater.go:597.2,612.12 6 0
modemcheck-client/updater.go:617.54,625.16 5 0
modemcheck-client/updater.go:625.16,627.3 1 0
modemcheck-client/updater.go:628.2,631.16 3 0
modemcheck-client/updater.go:631.16,633.3 1 0
modemcheck-client/updater.go:634.2,636.38 2 0
modemcheck-client/updater.go:636.38,638.3 1 0
modemcheck-client/updater.go:640.2,641.16 2 0
modemcheck-client/updater.go:641.16,643.3 1 0
modemcheck-client/updater.go:644.2,647.12 3 0
modemcheck-client/updater.go:653.37,661.18 3 0
modemcheck-client/updater.go:662.15,663.19 1 0
modemcheck-client/updater.go:664.13,665.19 1 0
modemcheck-client/updater.go:671.2,673.16 2 0
modemcheck-client/updater.go:674.17,676.60 1 0
modemcheck-client/updater.go:677.57,679.56 1 0
modemcheck-client/updater.go:680.10,682.56 1 0
modemcheck-client/updater.go:685.2,685.21 1 0
modemcheck-client/updater.go:690.29,692.16 2 0
modemcheck-client/updater.go:692.16,694.3 1 0
modemcheck-client/updater.go:697.2,700.31 2 0
modemcheck-client/updater.go:700.31,707.37 5 0
modemcheck-client/updater.go:707.37,709.4 1 0
modemcheck-client/updater.go:711.3,711.13 1 0
modemcheck-client/updater.go:715.2,715.86 1 0
